# JRE version: OpenJDK Runtime Environment (8.0_212-b04) (build 1.8.0_212-release-1586-b04)
# Java VM: OpenJDK 64-Bit Server VM (25.212-b04 mixed mode windows-amd64 compressed oops)
Heap:
 PSYoungGen      total 381952K, used 368435K [0x00000000e0000000, 0x00000000fe580000, 0x0000000100000000)
  eden space 339456K, 96% used [0x00000000e0000000,0x00000000f3eb1ab0,0x00000000f4b80000)
  from space 42496K, 99% used [0x00000000f5900000,0x00000000f821b340,0x00000000f8280000)
  to   space 78848K, 0% used [0x00000000f9880000,0x00000000f9880000,0x00000000fe580000)
 ParOldGen       total 298496K, used 171648K [0x00000000a0000000, 0x00000000b2380000, 0x00000000e0000000)
  object space 298496K, 57% used [0x00000000a0000000,0x00000000aa7a03b0,0x00000000b2380000)
 Metaspace       used 113943K, capacity 122600K, committed 122816K, reserved 1157120K
  class space    used 14391K, capacity 16045K, committed 16128K, reserved 1048576K
GC Heap History (10 events):
Event: 3272.421 GC heap before
{Heap before GC invocations=38 (full 5):
 PSYoungGen      total 436736K, used 397317K [0x00000000e0000000, 0x00000000fff80000, 0x0000000100000000)
  eden space 348160K, 100% used [0x00000000e0000000,0x00000000f5400000,0x00000000f5400000)
  from space 88576K, 55% used [0x00000000fa900000,0x00000000fd901610,0x00000000fff80000)
  to   space 87040K, 0% used [0x00000000f5400000,0x00000000f5400000,0x00000000fa900000)
 ParOldGen       total 298496K, used 169338K [0x00000000a0000000, 0x00000000b2380000, 0x00000000e0000000)
  object space 298496K, 56% used [0x00000000a0000000,0x00000000aa55eb48,0x00000000b2380000)
 Metaspace       used 109572K, capacity 116132K, committed 116288K, reserved 1150976K
  class space    used 13888K, capacity 15181K, committed 15232K, reserved 1048576K
Event: 3272.541 GC heap after
Heap after GC invocations=38 (full 5):
 PSYoungGen      total 398848K, used 50668K [0x00000000e0000000, 0x00000000ffb80000, 0x0000000100000000)
  eden space 348160K, 0% used [0x00000000e0000000,0x00000000e0000000,0x00000000f5400000)
  from space 50688K, 99% used [0x00000000f5400000,0x00000000f857b3b8,0x00000000f8580000)
  to   space 85504K, 0% used [0x00000000fa800000,0x00000000fa800000,0x00000000ffb80000)
 ParOldGen       total 298496K, used 169346K [0x00000000a0000000, 0x00000000b2380000, 0x00000000e0000000)
  object space 298496K, 56% used [0x00000000a0000000,0x00000000aa560b48,0x00000000b2380000)
 Metaspace       used 109572K, capacity 116132K, committed 116288K, reserved 1150976K
  class space    used 13888K, capacity 15181K, committed 15232K, reserved 1048576K
}
Event: 3842.846 GC heap before
{Heap before GC invocations=39 (full 5):
 PSYoungGen      total 398848K, used 398828K [0x00000000e0000000, 0x00000000ffb80000, 0x0000000100000000)
  eden space 348160K, 100% used [0x00000000e0000000,0x00000000f5400000,0x00000000f5400000)
  from space 50688K, 99% used [0x00000000f5400000,0x00000000f857b3b8,0x00000000f8580000)
  to   space 85504K, 0% used [0x00000000fa800000,0x00000000fa800000,0x00000000ffb80000)
 ParOldGen       total 298496K, used 169346K [0x00000000a0000000, 0x00000000b2380000, 0x00000000e0000000)
  object space 298496K, 56% used [0x00000000a0000000,0x00000000aa560b48,0x00000000b2380000)
 Metaspace       used 110044K, capacity 116734K, committed 116800K, reserved 1150976K
  class space    used 13914K, capacity 15226K, committed 15232K, reserved 1048576K
Event: 3842.935 GC heap after
Heap after GC invocations=39 (full 5):
 PSYoungGen      total 437248K, used 38067K [0x00000000e0000000, 0x00000000ffc80000, 0x0000000100000000)
  eden space 351744K, 0% used [0x00000000e0000000,0x00000000e0000000,0x00000000f5780000)
  from space 85504K, 44% used [0x00000000fa800000,0x00000000fcd2cf80,0x00000000ffb80000)
  to   space 82432K, 0% used [0x00000000f5780000,0x00000000f5780000,0x00000000fa800000)
 ParOldGen       total 298496K, used 169354K [0x00000000a0000000, 0x00000000b2380000, 0x00000000e0000000)
  object space 298496K, 56% used [0x00000000a0000000,0x00000000aa562b48,0x00000000b2380000)
 Metaspace       used 110044K, capacity 116734K, committed 116800K, reserved 1150976K
  class space    used 13914K, capacity 15226K, committed 15232K, reserved 1048576K
}
Event: 3904.691 GC heap before
{Heap before GC invocations=40 (full 5):
 PSYoungGen      total 437248K, used 389811K [0x00000000e0000000, 0x00000000ffc80000, 0x0000000100000000)
  eden space 351744K, 100% used [0x00000000e0000000,0x00000000f5780000,0x00000000f5780000)
  from space 85504K, 44% used [0x00000000fa800000,0x00000000fcd2cf80,0x00000000ffb80000)
  to   space 82432K, 0% used [0x00000000f5780000,0x00000000f5780000,0x00000000fa800000)
 ParOldGen       total 298496K, used 169354K [0x00000000a0000000, 0x00000000b2380000, 0x00000000e0000000)
  object space 298496K, 56% used [0x00000000a0000000,0x00000000aa562b48,0x00000000b2380000)
 Metaspace       used 110413K, capacity 117160K, committed 117440K, reserved 1150976K
  class space    used 13941K, capacity 15275K, committed 15360K, reserved 1048576K
Event: 3904.780 GC heap after
Heap after GC invocations=40 (full 5):
 PSYoungGen      total 434176K, used 41795K [0x00000000e0000000, 0x00000000ff600000, 0x0000000100000000)
  eden space 351744K, 0% used [0x00000000e0000000,0x00000000e0000000,0x00000000f5780000)
  from space 82432K, 50% used [0x00000000f5780000,0x00000000f8050e90,0x00000000fa800000)
  to   space 78848K, 0% used [0x00000000fa900000,0x00000000fa900000,0x00000000ff600000)
 ParOldGen       total 298496K, used 169362K [0x00000000a0000000, 0x00000000b2380000, 0x00000000e0000000)
  object space 298496K, 56% used [0x00000000a0000000,0x00000000aa564b48,0x00000000b2380000)
 Metaspace       used 110413K, capacity 117160K, committed 117440K, reserved 1150976K
  class space    used 13941K, capacity 15275K, committed 15360K, reserved 1048576K
}
Event: 4117.913 GC heap before
{Heap before GC invocations=41 (full 5):
 PSYoungGen      total 434176K, used 393539K [0x00000000e0000000, 0x00000000ff600000, 0x0000000100000000)
  eden space 351744K, 100% used [0x00000000e0000000,0x00000000f5780000,0x00000000f5780000)
  from space 82432K, 50% used [0x00000000f5780000,0x00000000f8050e90,0x00000000fa800000)
  to   space 78848K, 0% used [0x00000000fa900000,0x00000000fa900000,0x00000000ff600000)
 ParOldGen       total 298496K, used 169362K [0x00000000a0000000, 0x00000000b2380000, 0x00000000e0000000)
  object space 298496K, 56% used [0x00000000a0000000,0x00000000aa564b48,0x00000000b2380000)
 Metaspace       used 111831K, capacity 119776K, committed 119872K, reserved 1153024K
  class space    used 14153K, capacity 15667K, committed 15744K, reserved 1048576K
Event: 4118.057 GC heap after
Heap after GC invocations=41 (full 5):
 PSYoungGen      total 432128K, used 61567K [0x00000000e0000000, 0x00000000ffd00000, 0x0000000100000000)
  eden space 353280K, 0% used [0x00000000e0000000,0x00000000e0000000,0x00000000f5900000)
  from space 78848K, 78% used [0x00000000fa900000,0x00000000fe51fe68,0x00000000ff600000)
  to   space 81920K, 0% used [0x00000000f5900000,0x00000000f5900000,0x00000000fa900000)
 ParOldGen       total 298496K, used 169634K [0x00000000a0000000, 0x00000000b2380000, 0x00000000e0000000)
  object space 298496K, 56% used [0x00000000a0000000,0x00000000aa5a8b58,0x00000000b2380000)
 Metaspace       used 111831K, capacity 119776K, committed 119872K, reserved 1153024K
  class space    used 14153K, capacity 15667K, committed 15744K, reserved 1048576K
}
Event: 5173.681 GC heap before
{Heap before GC invocations=42 (full 5):
 PSYoungGen      total 432128K, used 414847K [0x00000000e0000000, 0x00000000ffd00000, 0x0000000100000000)
  eden space 353280K, 100% used [0x00000000e0000000,0x00000000f5900000,0x00000000f5900000)
  from space 78848K, 78% used [0x00000000fa900000,0x00000000fe51fe68,0x00000000ff600000)
  to   space 81920K, 0% used [0x00000000f5900000,0x00000000f5900000,0x00000000fa900000)
 ParOldGen       total 298496K, used 169634K [0x00000000a0000000, 0x00000000b2380000, 0x00000000e0000000)
  object space 298496K, 56% used [0x00000000a0000000,0x00000000aa5a8b58,0x00000000b2380000)
 Metaspace       used 113562K, capacity 122152K, committed 122176K, reserved 1155072K
  class space    used 14361K, capacity 15993K, committed 16000K, reserved 1048576K
Event: 5173.978 GC heap after
Heap after GC invocations=42 (full 5):
 PSYoungGen      total 381952K, used 42092K [0x00000000e0000000, 0x00000000fe580000, 0x0000000100000000)
  eden space 339456K, 0% used [0x00000000e0000000,0x00000000e0000000,0x00000000f4b80000)
  from space 42496K, 99% used [0x00000000f5900000,0x00000000f821b340,0x00000000f8280000)
  to   space 78848K, 0% used [0x00000000f9880000,0x00000000f9880000,0x00000000fe580000)
 ParOldGen       total 298496K, used 171648K [0x00000000a0000000, 0x00000000b2380000, 0x00000000e0000000)
  object space 298496K, 57% used [0x00000000a0000000,0x00000000aa7a03b0,0x00000000b2380000)
 Metaspace       used 113562K, capacity 122152K, committed 122176K, reserved 1155072K
  class space    used 14361K, capacity 15993K, committed 16000K, reserved 1048576K
}

